File server running at http://localhost:3001/
Admin panel available at http://localhost:3001/admin-panel
Customer approval check at http://localhost:3001/customer-approval-check
Main app at http://localhost:3001/
2025-06-15T22:15:00.725Z - GET /admin-panel
2025-06-15T22:27:51.808Z - GET /admin-panel
2025-06-16T09:45:32.274Z - GET /
2025-06-16T09:45:32.979Z - GET /.well-known/appspecific/com.chrome.devtools.json
2025-06-16T09:45:32.992Z - GET /assets/index-458c6062.js
2025-06-16T09:45:32.997Z - GET /assets/index-124959d2.css
2025-06-16T09:45:33.264Z - GET /locales/ru/translation.json
2025-06-16T09:45:33.503Z - GET /assets/index-0803f477.js
2025-06-16T09:45:33.507Z - GET /assets/index-94a5e661.css
2025-06-16T09:45:33.509Z - GET /favicon.ico
2025-06-16T09:45:33.795Z - GET /assets/Home-c7829fc4.js
2025-06-16T09:45:33.800Z - GET /assets/VideoPoster-16d8c3b5.js
2025-06-16T09:45:33.802Z - GET /assets/VideoPoster-8848fbfb.css
2025-06-16T09:45:33.806Z - GET /assets/Home-01a65479.css
2025-06-16T09:45:33.808Z - GET /static/primary-logo05-1.svg
2025-06-16T09:45:33.809Z - GET /static/sidebar/iconinstagrami111-a5ij.svg
2025-06-16T09:45:33.939Z - GET /static/sidebar/iconyoutubei111-z1oe.svg
2025-06-16T09:45:33.941Z - GET /static/sidebar/iconfacebooki111-e0b.svg
2025-06-16T09:45:33.943Z - GET /static/sidebar/icontwitteri111-8tqw.svg
2025-06-16T09:45:33.945Z - GET /static/instagram.svg
2025-06-16T09:45:34.051Z - GET /static/youtube.svg
2025-06-16T09:45:34.054Z - GET /static/facebook.svg
2025-06-16T09:45:34.055Z - GET /static/twitter.svg
2025-06-16T09:45:34.064Z - GET /static/iconwhatsapp1.svg
2025-06-16T09:45:34.068Z - GET /static/envelopesimple.svg
2025-06-16T09:45:34.106Z - GET /static/phone.svg
2025-06-16T09:45:34.108Z - GET /static/iconwhatsapp.svg
2025-06-16T09:45:34.109Z - GET /static/Background.png
2025-06-16T09:45:34.112Z - GET /static/promo.mp4
2025-06-16T09:45:34.144Z - GET /static/promo.ogg
2025-06-16T09:45:34.145Z - GET /static/calculate-mortgage-icon.png
2025-06-16T09:45:34.146Z - GET /static/refinance-mortgage-icon.png
2025-06-16T09:45:34.146Z - GET /static/calculate-credit-icon.png
2025-06-16T09:45:34.237Z - GET /static/refinance-credit-icon.png
2025-06-16T09:45:34.241Z - GET /static/frame-14100932552.svg
2025-06-16T09:45:34.242Z - GET /static/frame-14100932551.svg
2025-06-16T09:45:34.272Z - GET /static/frame-1410093255.svg
2025-06-16T09:45:34.368Z - GET /static/x.svg
2025-06-16T09:45:34.371Z - GET /static/cookie.svg
2025-06-16T09:45:34.373Z - GET /static/promo.mp3
2025-06-16T09:47:21.054Z - GET /assets/index-ba929803.js
2025-06-16T09:47:21.056Z - GET /assets/ProgressBar-088eb7e3.js
2025-06-16T09:47:21.067Z - GET /assets/ProgressBar-d490b27c.css
2025-06-16T09:47:21.070Z - GET /assets/Calendar-3c55fea6.css
2025-06-16T09:47:21.072Z - GET /assets/componentsByIncomeSource-9a8c2c27.css
2025-06-16T09:47:21.074Z - GET /assets/SourceOfIncomeModal-81a0f584.js
2025-06-16T09:47:21.165Z - GET /assets/Taxes-e66dc869.css
2025-06-16T09:47:21.166Z - GET /assets/SourceOfIncomeModal-2b8bc0b6.css
2025-06-16T09:47:21.167Z - GET /assets/index-5fb84f6f.css
2025-06-16T09:47:21.169Z - GET /assets/Calendar-c22d43d9.js
2025-06-16T09:47:21.193Z - GET /assets/componentsByIncomeSource-908468d0.js
2025-06-16T09:47:21.197Z - GET /assets/Taxes-f951daa9.js
2025-06-16T09:47:21.199Z - GET /assets/ShieldCheckIcon-acd6eb19.js
2025-06-16T09:47:21.338Z - GET /assets/IncreasePayment-d34bc92f.js
2025-06-16T09:47:21.339Z - GET /assets/FamilyStatus-aae361e2.js
2025-06-16T09:47:21.539Z - GET /static/promo.mp4
2025-06-16T09:47:21.542Z - GET /static/promo.ogg
2025-06-16T09:47:21.647Z - GET /static/promo.mp3
