🔒 CORS Configuration:
📝 CORS_ALLOWED_ORIGINS env var: Not set
🌐 Resolved CORS origins: [
  'http://localhost:3001',
  'http://localhost:3000',
  'http://localhost:5173',
  'http://localhost:5174',
  'http://localhost:8003',
  'https://bankdev2standalone-production.up.railway.app',
  'https://bankim-nodejs-api-production.up.railway.app'
]
🚀 Database API Server Started
📡 http://localhost:8003
📧 Email login: POST /api/login
📧 Email 2FA: POST /api/email-code-login
📱 SMS login: POST /api/sms-login & /api/sms-code-login
👤 Registration: POST /api/register
🏙️ Cities: GET /api/get-cities?lang=xx
🏠 Refinance mortgage: POST /api/refinance-mortgage
💳 Refinance credit: POST /api/refinance-credit
🔐 Admin login: POST /api/admin/login
📊 Admin stats: GET /api/admin/stats
🏦 Admin banks: GET /api/admin/banks
🏪 Compare banks: POST /api/customer/compare-banks
📝 Submit application: POST /api/customer/submit-application
📋 Check status: GET /api/applications/:id/status
🔧 Admin applications: GET /api/admin/applications
📊 Admin app details: GET /api/admin/applications/:id
✏️ Update app status: PUT /api/admin/applications/:id/status

🏢 PHASE 2: Bank Worker Registration System
📨 Send invitation: POST /api/bank-worker/invite
📝 Get registration form: GET /api/bank-worker/register/:token
✅ Complete registration: POST /api/bank-worker/register
📊 Check status: GET /api/bank-worker/status/:id
📋 Admin invitations: GET /api/admin/invitations
⏳ Admin approval queue: GET /api/admin/approval-queue
✅ Approve worker: POST /api/admin/approve/:id
❌ Reject worker: POST /api/admin/reject/:id

✅ Main Database connected: 2025-07-20T15:10:47.203Z
✅ Content Database connected: 2025-07-20T15:10:47.206Z
✅ test-content table deleted successfully (if it existed)
[0mGET /api/content/refinance_step1/he [32m200[0m 399.265 ms - 5385[0m
[0mGET /api/v1/calculation-parameters/mortgage_refinance [33m404[0m 1.783 ms - 34[0m
Get calculation parameters error: error: column "min_down_payment_percentage" does not exist
    at /Users/michaelmishayev/Projects/bankDev2_standalone/node_modules/pg-pool/index.js:45:11
    at process.processTicksAndRejections (node:internal/process/task_queues:105:5)
    at async /Users/michaelmishayev/Projects/bankDev2_standalone/server-db.js:8746:27 {
  length: 127,
  severity: 'ERROR',
  code: '42703',
  detail: undefined,
  hint: undefined,
  position: '98',
  internalPosition: undefined,
  internalQuery: undefined,
  where: undefined,
  schema: undefined,
  table: undefined,
  column: undefined,
  dataType: undefined,
  constraint: undefined,
  file: 'parse_relation.c',
  line: '3722',
  routine: 'errorMissingColumn'
}
[0mGET /api/v1/calculation-parameters?business_path=mortgage_refinance [32m200[0m 730.492 ms - 769[0m
[0mGET /api/admin/check-db-structure [33m404[0m 0.278 ms - 34[0m
Get calculation parameters error: error: column "min_down_payment_percentage" does not exist
    at /Users/michaelmishayev/Projects/bankDev2_standalone/node_modules/pg-pool/index.js:45:11
    at process.processTicksAndRejections (node:internal/process/task_queues:105:5)
    at async /Users/michaelmishayev/Projects/bankDev2_standalone/server-db.js:8746:27 {
  length: 127,
  severity: 'ERROR',
  code: '42703',
  detail: undefined,
  hint: undefined,
  position: '98',
  internalPosition: undefined,
  internalQuery: undefined,
  where: undefined,
  schema: undefined,
  table: undefined,
  column: undefined,
  dataType: undefined,
  constraint: undefined,
  file: 'parse_relation.c',
  line: '3722',
  routine: 'errorMissingColumn'
}
[0mGET /api/v1/calculation-parameters?business_path=mortgage_refinance [32m200[0m 787.776 ms - 769[0m
[0mGET /api/content/refinance_step1/en [32m200[0m 641.026 ms - 5176[0m
[0mGET /api/content/refinance_step1/he [32m200[0m 557.911 ms - 5385[0m
[0mGET /api/content/refinance_step1/he [36m304[0m 86.459 ms - -[0m
Get calculation parameters error: error: column "min_down_payment_percentage" does not exist
    at /Users/michaelmishayev/Projects/bankDev2_standalone/node_modules/pg-pool/index.js:45:11
    at process.processTicksAndRejections (node:internal/process/task_queues:105:5)
    at async /Users/michaelmishayev/Projects/bankDev2_standalone/server-db.js:8746:27 {
  length: 127,
  severity: 'ERROR',
  code: '42703',
  detail: undefined,
  hint: undefined,
  position: '98',
  internalPosition: undefined,
  internalQuery: undefined,
  where: undefined,
  schema: undefined,
  table: undefined,
  column: undefined,
  dataType: undefined,
  constraint: undefined,
  file: 'parse_relation.c',
  line: '3722',
  routine: 'errorMissingColumn'
}
[0mGET /api/v1/calculation-parameters?business_path=mortgage [32m200[0m 709.085 ms - 759[0m
[0mGET /api/content/refinance_step1/he [36m304[0m 83.765 ms - -[0m
[0mGET /api/content/refinance_step1/he [36m304[0m 81.595 ms - -[0m
Get calculation parameters error: error: column "min_down_payment_percentage" does not exist
    at /Users/michaelmishayev/Projects/bankDev2_standalone/node_modules/pg-pool/index.js:45:11
    at process.processTicksAndRejections (node:internal/process/task_queues:105:5)
    at async /Users/michaelmishayev/Projects/bankDev2_standalone/server-db.js:8746:27 {
  length: 127,
  severity: 'ERROR',
  code: '42703',
  detail: undefined,
  hint: undefined,
  position: '98',
  internalPosition: undefined,
  internalQuery: undefined,
  where: undefined,
  schema: undefined,
  table: undefined,
  column: undefined,
  dataType: undefined,
  constraint: undefined,
  file: 'parse_relation.c',
  line: '3722',
  routine: 'errorMissingColumn'
}
[0mGET /api/v1/calculation-parameters?business_path=mortgage [32m200[0m 676.212 ms - 759[0m
Get calculation parameters error: error: column "min_down_payment_percentage" does not exist
    at /Users/michaelmishayev/Projects/bankDev2_standalone/node_modules/pg-pool/index.js:45:11
    at process.processTicksAndRejections (node:internal/process/task_queues:105:5)
    at async /Users/michaelmishayev/Projects/bankDev2_standalone/server-db.js:8746:27 {
  length: 127,
  severity: 'ERROR',
  code: '42703',
  detail: undefined,
  hint: undefined,
  position: '98',
  internalPosition: undefined,
  internalQuery: undefined,
  where: undefined,
  schema: undefined,
  table: undefined,
  column: undefined,
  dataType: undefined,
  constraint: undefined,
  file: 'parse_relation.c',
  line: '3722',
  routine: 'errorMissingColumn'
}
[0mGET /api/v1/calculation-parameters?business_path=mortgage [32m200[0m 675.863 ms - 759[0m
Get calculation parameters error: error: column "min_down_payment_percentage" does not exist
    at /Users/michaelmishayev/Projects/bankDev2_standalone/node_modules/pg-pool/index.js:45:11
    at process.processTicksAndRejections (node:internal/process/task_queues:105:5)
    at async /Users/michaelmishayev/Projects/bankDev2_standalone/server-db.js:8746:27 {
  length: 127,
  severity: 'ERROR',
  code: '42703',
  detail: undefined,
  hint: undefined,
  position: '98',
  internalPosition: undefined,
  internalQuery: undefined,
  where: undefined,
  schema: undefined,
  table: undefined,
  column: undefined,
  dataType: undefined,
  constraint: undefined,
  file: 'parse_relation.c',
  line: '3722',
  routine: 'errorMissingColumn'
}
[0mGET /api/v1/calculation-parameters?business_path=mortgage [32m200[0m 671.406 ms - 759[0m
[0mGET /api/banks/list [36m304[0m 379.930 ms - -[0m
[0mGET /api/banks/list [36m304[0m 78.487 ms - -[0m
[0mGET /api/banks/list [36m304[0m 74.410 ms - -[0m
Get calculation parameters error: error: column "min_down_payment_percentage" does not exist
    at /Users/michaelmishayev/Projects/bankDev2_standalone/node_modules/pg-pool/index.js:45:11
    at process.processTicksAndRejections (node:internal/process/task_queues:105:5)
    at async /Users/michaelmishayev/Projects/bankDev2_standalone/server-db.js:8746:27 {
  length: 127,
  severity: 'ERROR',
  code: '42703',
  detail: undefined,
  hint: undefined,
  position: '98',
  internalPosition: undefined,
  internalQuery: undefined,
  where: undefined,
  schema: undefined,
  table: undefined,
  column: undefined,
  dataType: undefined,
  constraint: undefined,
  file: 'parse_relation.c',
  line: '3722',
  routine: 'errorMissingColumn'
}
[0mGET /api/v1/calculation-parameters?business_path=mortgage [32m200[0m 226.803 ms - 759[0m
[0mGET /api/content/refinance_step1/he [32m200[0m 420.862 ms - 5385[0m
Get calculation parameters error: error: column "min_down_payment_percentage" does not exist
    at /Users/michaelmishayev/Projects/bankDev2_standalone/node_modules/pg-pool/index.js:45:11
    at process.processTicksAndRejections (node:internal/process/task_queues:105:5)
    at async /Users/michaelmishayev/Projects/bankDev2_standalone/server-db.js:8746:27 {
  length: 127,
  severity: 'ERROR',
  code: '42703',
  detail: undefined,
  hint: undefined,
  position: '98',
  internalPosition: undefined,
  internalQuery: undefined,
  where: undefined,
  schema: undefined,
  table: undefined,
  column: undefined,
  dataType: undefined,
  constraint: undefined,
  file: 'parse_relation.c',
  line: '3722',
  routine: 'errorMissingColumn'
}
[0mGET /api/v1/calculation-parameters?business_path=mortgage [32m200[0m 533.561 ms - 759[0m
[0mGET /api/content/refinance_step1/he [32m200[0m 541.342 ms - 5385[0m
[0mGET /api/content/refinance_step1/he [32m200[0m 541.791 ms - 5385[0m
[0mGET /api/content/refinance_step1/he [32m200[0m 557.792 ms - 5385[0m
Get calculation parameters error: error: column "min_down_payment_percentage" does not exist
    at /Users/michaelmishayev/Projects/bankDev2_standalone/node_modules/pg-pool/index.js:45:11
    at process.processTicksAndRejections (node:internal/process/task_queues:105:5)
    at async /Users/michaelmishayev/Projects/bankDev2_standalone/server-db.js:8746:27 {
  length: 127,
  severity: 'ERROR',
  code: '42703',
  detail: undefined,
  hint: undefined,
  position: '98',
  internalPosition: undefined,
  internalQuery: undefined,
  where: undefined,
  schema: undefined,
  table: undefined,
  column: undefined,
  dataType: undefined,
  constraint: undefined,
  file: 'parse_relation.c',
  line: '3722',
  routine: 'errorMissingColumn'
}
[0mGET /api/v1/calculation-parameters?business_path=mortgage [32m200[0m 671.227 ms - 759[0m
Get calculation parameters error: error: column "min_down_payment_percentage" does not exist
    at /Users/michaelmishayev/Projects/bankDev2_standalone/node_modules/pg-pool/index.js:45:11
    at process.processTicksAndRejections (node:internal/process/task_queues:105:5)
    at async /Users/michaelmishayev/Projects/bankDev2_standalone/server-db.js:8746:27 {
  length: 127,
  severity: 'ERROR',
  code: '42703',
  detail: undefined,
  hint: undefined,
  position: '98',
  internalPosition: undefined,
  internalQuery: undefined,
  where: undefined,
  schema: undefined,
  table: undefined,
  column: undefined,
  dataType: undefined,
  constraint: undefined,
  file: 'parse_relation.c',
  line: '3722',
  routine: 'errorMissingColumn'
}
[0mGET /api/v1/calculation-parameters?business_path=mortgage [32m200[0m 733.732 ms - 759[0m
[0mPOST /api/content/bulk-create [33m404[0m 0.276 ms - 163[0m
[0mPOST /api/content [33m400[0m 0.190 ms - 110[0m
[0mPOST /api/content [32m200[0m 1081.958 ms - 122[0m
[0mPOST /api/content [32m200[0m 957.672 ms - 125[0m
[0mPOST /api/content [32m200[0m 557.232 ms - 133[0m
[0mPOST /api/content [32m200[0m 525.873 ms - 134[0m
[0mPOST /api/content [32m200[0m 637.976 ms - 132[0m
[0mPOST /api/content [32m200[0m 577.262 ms - 132[0m
[0mPOST /api/content [32m200[0m 782.544 ms - 131[0m
[0mPOST /api/content [32m200[0m 510.227 ms - 125[0m
[0mPOST /api/content [32m200[0m 451.789 ms - 131[0m
[0mPOST /api/content [32m200[0m 468.594 ms - 131[0m
[0mPOST /api/content [32m200[0m 456.799 ms - 127[0m
[0mPOST /api/content [32m200[0m 451.423 ms - 122[0m
[0mGET /api/content/refinance_step1/he [36m304[0m 574.396 ms - -[0m
Get calculation parameters error: error: column "min_down_payment_percentage" does not exist
    at /Users/michaelmishayev/Projects/bankDev2_standalone/node_modules/pg-pool/index.js:45:11
    at process.processTicksAndRejections (node:internal/process/task_queues:105:5)
    at async /Users/michaelmishayev/Projects/bankDev2_standalone/server-db.js:8746:27 {
  length: 127,
  severity: 'ERROR',
  code: '42703',
  detail: undefined,
  hint: undefined,
  position: '98',
  internalPosition: undefined,
  internalQuery: undefined,
  where: undefined,
  schema: undefined,
  table: undefined,
  column: undefined,
  dataType: undefined,
  constraint: undefined,
  file: 'parse_relation.c',
  line: '3722',
  routine: 'errorMissingColumn'
}
[0mGET /api/v1/calculation-parameters?business_path=mortgage [32m200[0m 633.463 ms - 759[0m
[0mGET /api/content/refinance_step1/he [36m304[0m 92.637 ms - -[0m
[0mGET /api/content/refinance_step1/he [32m200[0m 438.986 ms - 5385[0m
[0mGET /api/content/refinance_step1/he [32m200[0m 577.453 ms - 5385[0m
Get calculation parameters error: error: column "min_down_payment_percentage" does not exist
    at /Users/michaelmishayev/Projects/bankDev2_standalone/node_modules/pg-pool/index.js:45:11
    at process.processTicksAndRejections (node:internal/process/task_queues:105:5)
    at async /Users/michaelmishayev/Projects/bankDev2_standalone/server-db.js:8746:27 {
  length: 127,
  severity: 'ERROR',
  code: '42703',
  detail: undefined,
  hint: undefined,
  position: '98',
  internalPosition: undefined,
  internalQuery: undefined,
  where: undefined,
  schema: undefined,
  table: undefined,
  column: undefined,
  dataType: undefined,
  constraint: undefined,
  file: 'parse_relation.c',
  line: '3722',
  routine: 'errorMissingColumn'
}
[0mGET /api/v1/calculation-parameters?business_path=mortgage [32m200[0m 598.827 ms - 759[0m
Get calculation parameters error: error: column "min_down_payment_percentage" does not exist
    at /Users/michaelmishayev/Projects/bankDev2_standalone/node_modules/pg-pool/index.js:45:11
    at process.processTicksAndRejections (node:internal/process/task_queues:105:5)
    at async /Users/michaelmishayev/Projects/bankDev2_standalone/server-db.js:8746:27 {
  length: 127,
  severity: 'ERROR',
  code: '42703',
  detail: undefined,
  hint: undefined,
  position: '98',
  internalPosition: undefined,
  internalQuery: undefined,
  where: undefined,
  schema: undefined,
  table: undefined,
  column: undefined,
  dataType: undefined,
  constraint: undefined,
  file: 'parse_relation.c',
  line: '3722',
  routine: 'errorMissingColumn'
}
[0mGET /api/v1/calculation-parameters?business_path=mortgage [32m200[0m 728.751 ms - 759[0m
Get calculation parameters error: error: column "min_down_payment_percentage" does not exist
    at /Users/michaelmishayev/Projects/bankDev2_standalone/node_modules/pg-pool/index.js:45:11
    at process.processTicksAndRejections (node:internal/process/task_queues:105:5)
    at async /Users/michaelmishayev/Projects/bankDev2_standalone/server-db.js:8746:27 {
  length: 127,
  severity: 'ERROR',
  code: '42703',
  detail: undefined,
  hint: undefined,
  position: '98',
  internalPosition: undefined,
  internalQuery: undefined,
  where: undefined,
  schema: undefined,
  table: undefined,
  column: undefined,
  dataType: undefined,
  constraint: undefined,
  file: 'parse_relation.c',
  line: '3722',
  routine: 'errorMissingColumn'
}
[0mGET /api/v1/calculation-parameters?business_path=mortgage [32m200[0m 540.234 ms - 759[0m
[0mGET /api/content/sms_verification/he [32m200[0m 437.688 ms - 1898[0m
[0mGET /api/content/sms_verification/he [32m200[0m 442.317 ms - 1898[0m
[0mGET /api/content/sms_verification/he [32m200[0m 389.896 ms - 1898[0m
[0mGET /api/content/refinance_step1/he [32m200[0m 524.796 ms - 5385[0m
[0mGET /api/content/refinance_step1/he [32m200[0m 551.738 ms - 5385[0m
[0mGET /api/content/refinance_step1/he [32m200[0m 580.615 ms - 5385[0m
[0mGET /api/content/refinance_step1/he [32m200[0m 583.638 ms - 5385[0m
Get calculation parameters error: error: column "min_down_payment_percentage" does not exist
    at /Users/michaelmishayev/Projects/bankDev2_standalone/node_modules/pg-pool/index.js:45:11
    at process.processTicksAndRejections (node:internal/process/task_queues:105:5)
    at async /Users/michaelmishayev/Projects/bankDev2_standalone/server-db.js:8746:27 {
  length: 127,
  severity: 'ERROR',
  code: '42703',
  detail: undefined,
  hint: undefined,
  position: '98',
  internalPosition: undefined,
  internalQuery: undefined,
  where: undefined,
  schema: undefined,
  table: undefined,
  column: undefined,
  dataType: undefined,
  constraint: undefined,
  file: 'parse_relation.c',
  line: '3722',
  routine: 'errorMissingColumn'
}
[0mGET /api/v1/calculation-parameters?business_path=mortgage [32m200[0m 679.247 ms - 759[0m
Get calculation parameters error: error: column "min_down_payment_percentage" does not exist
    at /Users/michaelmishayev/Projects/bankDev2_standalone/node_modules/pg-pool/index.js:45:11
    at process.processTicksAndRejections (node:internal/process/task_queues:105:5)
    at async /Users/michaelmishayev/Projects/bankDev2_standalone/server-db.js:8746:27 {
  length: 127,
  severity: 'ERROR',
  code: '42703',
  detail: undefined,
  hint: undefined,
  position: '98',
  internalPosition: undefined,
  internalQuery: undefined,
  where: undefined,
  schema: undefined,
  table: undefined,
  column: undefined,
  dataType: undefined,
  constraint: undefined,
  file: 'parse_relation.c',
  line: '3722',
  routine: 'errorMissingColumn'
}
[0mGET /api/v1/calculation-parameters?business_path=mortgage [32m200[0m 678.341 ms - 759[0m
Get calculation parameters error: error: column "min_down_payment_percentage" does not exist
    at /Users/michaelmishayev/Projects/bankDev2_standalone/node_modules/pg-pool/index.js:45:11
    at process.processTicksAndRejections (node:internal/process/task_queues:105:5)
    at async /Users/michaelmishayev/Projects/bankDev2_standalone/server-db.js:8746:27 {
  length: 127,
  severity: 'ERROR',
  code: '42703',
  detail: undefined,
  hint: undefined,
  position: '98',
  internalPosition: undefined,
  internalQuery: undefined,
  where: undefined,
  schema: undefined,
  table: undefined,
  column: undefined,
  dataType: undefined,
  constraint: undefined,
  file: 'parse_relation.c',
  line: '3722',
  routine: 'errorMissingColumn'
}
[0mGET /api/v1/calculation-parameters?business_path=mortgage [32m200[0m 722.248 ms - 759[0m
Get calculation parameters error: error: column "min_down_payment_percentage" does not exist
    at /Users/michaelmishayev/Projects/bankDev2_standalone/node_modules/pg-pool/index.js:45:11
    at process.processTicksAndRejections (node:internal/process/task_queues:105:5)
    at async /Users/michaelmishayev/Projects/bankDev2_standalone/server-db.js:8746:27 {
  length: 127,
  severity: 'ERROR',
  code: '42703',
  detail: undefined,
  hint: undefined,
  position: '98',
  internalPosition: undefined,
  internalQuery: undefined,
  where: undefined,
  schema: undefined,
  table: undefined,
  column: undefined,
  dataType: undefined,
  constraint: undefined,
  file: 'parse_relation.c',
  line: '3722',
  routine: 'errorMissingColumn'
}
[0mGET /api/v1/calculation-parameters?business_path=mortgage [32m200[0m 762.217 ms - 759[0m
[0mGET /api/content/sms_verification/he [32m200[0m 92.686 ms - 1898[0m
[0mGET /api/content/sms_verification/he [32m200[0m 93.139 ms - 1898[0m
[0mGET /api/content/sms_verification/he [32m200[0m 435.640 ms - 1898[0m
[0mGET /api/content/sms_verification/he [32m200[0m 83.498 ms - 1898[0m
[0mGET /api/content/sms_verification/he [32m200[0m 81.931 ms - 1898[0m
[0mGET /api/admin/content-items?search=sms_modal_title [33m404[0m 0.203 ms - 34[0m
[0mPOST /api/content [32m200[0m 1061.244 ms - 127[0m
[0mPOST /api/content [32m200[0m 460.707 ms - 130[0m
[0mPOST /api/content [32m200[0m 518.186 ms - 128[0m
[0mPOST /api/content [32m200[0m 482.898 ms - 126[0m
[0mPOST /api/content [32m200[0m 461.516 ms - 129[0m
[0mGET /api/content/refinance_step1/he [32m200[0m 465.145 ms - 5385[0m
[0mGET /api/content/refinance_step1/he [36m304[0m 597.576 ms - -[0m
[0mGET /api/content/refinance_step1/he [32m200[0m 498.482 ms - 5385[0m
[0mGET /api/content/refinance_step1/he [36m304[0m 91.691 ms - -[0m
Get calculation parameters error: error: column "min_down_payment_percentage" does not exist
    at /Users/michaelmishayev/Projects/bankDev2_standalone/node_modules/pg-pool/index.js:45:11
    at process.processTicksAndRejections (node:internal/process/task_queues:105:5)
    at async /Users/michaelmishayev/Projects/bankDev2_standalone/server-db.js:8746:27 {
  length: 127,
  severity: 'ERROR',
  code: '42703',
  detail: undefined,
  hint: undefined,
  position: '98',
  internalPosition: undefined,
  internalQuery: undefined,
  where: undefined,
  schema: undefined,
  table: undefined,
  column: undefined,
  dataType: undefined,
  constraint: undefined,
  file: 'parse_relation.c',
  line: '3722',
  routine: 'errorMissingColumn'
}
[0mGET /api/v1/calculation-parameters?business_path=mortgage [32m200[0m 780.343 ms - 759[0m
Get calculation parameters error: error: column "min_down_payment_percentage" does not exist
    at /Users/michaelmishayev/Projects/bankDev2_standalone/node_modules/pg-pool/index.js:45:11
    at process.processTicksAndRejections (node:internal/process/task_queues:105:5)
    at async /Users/michaelmishayev/Projects/bankDev2_standalone/server-db.js:8746:27 {
  length: 127,
  severity: 'ERROR',
  code: '42703',
  detail: undefined,
  hint: undefined,
  position: '98',
  internalPosition: undefined,
  internalQuery: undefined,
  where: undefined,
  schema: undefined,
  table: undefined,
  column: undefined,
  dataType: undefined,
  constraint: undefined,
  file: 'parse_relation.c',
  line: '3722',
  routine: 'errorMissingColumn'
}
[0mGET /api/v1/calculation-parameters?business_path=mortgage [32m200[0m 738.841 ms - 759[0m
Get calculation parameters error: error: column "min_down_payment_percentage" does not exist
    at /Users/michaelmishayev/Projects/bankDev2_standalone/node_modules/pg-pool/index.js:45:11
    at process.processTicksAndRejections (node:internal/process/task_queues:105:5)
    at async /Users/michaelmishayev/Projects/bankDev2_standalone/server-db.js:8746:27 {
  length: 127,
  severity: 'ERROR',
  code: '42703',
  detail: undefined,
  hint: undefined,
  position: '98',
  internalPosition: undefined,
  internalQuery: undefined,
  where: undefined,
  schema: undefined,
  table: undefined,
  column: undefined,
  dataType: undefined,
  constraint: undefined,
  file: 'parse_relation.c',
  line: '3722',
  routine: 'errorMissingColumn'
}
[0mGET /api/v1/calculation-parameters?business_path=mortgage [32m200[0m 759.269 ms - 759[0m
Get calculation parameters error: error: column "min_down_payment_percentage" does not exist
    at /Users/michaelmishayev/Projects/bankDev2_standalone/node_modules/pg-pool/index.js:45:11
    at process.processTicksAndRejections (node:internal/process/task_queues:105:5)
    at async /Users/michaelmishayev/Projects/bankDev2_standalone/server-db.js:8746:27 {
  length: 127,
  severity: 'ERROR',
  code: '42703',
  detail: undefined,
  hint: undefined,
  position: '98',
  internalPosition: undefined,
  internalQuery: undefined,
  where: undefined,
  schema: undefined,
  table: undefined,
  column: undefined,
  dataType: undefined,
  constraint: undefined,
  file: 'parse_relation.c',
  line: '3722',
  routine: 'errorMissingColumn'
}
[0mGET /api/v1/calculation-parameters?business_path=mortgage [32m200[0m 578.577 ms - 759[0m
[0mGET /api/content/sms_code_verification/he [32m200[0m 445.797 ms - 837[0m
[0mGET /api/content/sms_code_verification/he [32m200[0m 445.946 ms - 837[0m
[0mGET /api/content/sms_code_verification/he [32m200[0m 486.692 ms - 837[0m
[0mGET /api/content/sms_code_verification/he [32m200[0m 485.638 ms - 837[0m
[0mGET /api/content/sms_code_verification/he [32m200[0m 418.404 ms - 837[0m
[0mGET /api/content/sms_code_verification/he [36m304[0m 80.977 ms - -[0m
[0mGET /api/content/sms_code_verification/he [36m304[0m 80.720 ms - -[0m
[0mGET /api/content/sms_code_verification/he [36m304[0m 82.450 ms - -[0m
[0mGET /api/content/sms_code_verification/he [32m200[0m 482.877 ms - 837[0m
[0mGET /api/content/sms_code_verification/he [32m200[0m 491.514 ms - 837[0m
[0mGET /api/content/sms_code_verification/he [32m200[0m 85.063 ms - 837[0m
[0mGET /api/content/sms_code_verification/he [32m200[0m 570.161 ms - 837[0m
[0mGET /api/content/sms_code_verification/he [32m200[0m 587.314 ms - 837[0m
[0mGET /api/content/sms_code_verification/he [32m200[0m 586.403 ms - 837[0m
[0mGET /api/content/sms_code_verification/he [32m200[0m 90.450 ms - 837[0m
[0mGET /api/content/sms_code_verification/he [32m200[0m 585.144 ms - 837[0m
[0mGET /api/content/sms_code_verification/he [36m304[0m 88.015 ms - -[0m
[0mGET /api/content/sms_code_verification/he [36m304[0m 114.272 ms - -[0m
[0mGET /api/content/sms_code_verification/he [32m200[0m 93.329 ms - 837[0m
[0mGET /api/content/sms_code_verification/he [32m200[0m 93.713 ms - 837[0m
[SMS] Verify 1234 for +972544654465
[SMS] Verify 1234 for +972544654465
[0mPOST /api/auth-verify [32m200[0m 450.625 ms - 358[0m
[0mPOST /api/auth-verify [32m200[0m 575.039 ms - 358[0m
[0mGET /api/content/mortgage_step2/he [32m200[0m 447.157 ms - 7571[0m
[0mGET /api/content/mortgage_step2/he [32m200[0m 449.760 ms - 7571[0m
[0mGET /api/content/mortgage_step2/he [32m200[0m 478.167 ms - 7571[0m
[0mGET /api/content/mortgage_step2/he [32m200[0m 477.046 ms - 7571[0m
[0mGET /api/content/mortgage_step2/he [32m200[0m 480.160 ms - 7571[0m
[0mGET /api/content/mortgage_step2/he [32m200[0m 74.945 ms - 7571[0m
[0mGET /api/content/mortgage_step2/he [32m200[0m 75.184 ms - 7571[0m
[0mGET /api/content/mortgage_step2/he [32m200[0m 83.809 ms - 7571[0m
[0mGET /api/content/mortgage_step2/he [32m200[0m 84.013 ms - 7571[0m
[0mGET /api/content/mortgage_step2/he [32m200[0m 85.468 ms - 7571[0m
[0mGET /api/content/mortgage_step2/he [32m200[0m 74.849 ms - 7571[0m
[0mGET /api/content/mortgage_step2/he [32m200[0m 76.303 ms - 7571[0m
[0mGET /api/content/mortgage_step2/he [32m200[0m 79.742 ms - 7571[0m
[0mGET /api/content/mortgage_step2/he [32m200[0m 81.931 ms - 7571[0m
[0mGET /api/content/mortgage_step2/he [32m200[0m 83.154 ms - 7571[0m
[0mGET /api/content/mortgage_step2/he [32m200[0m 680.119 ms - 7571[0m
[0mGET /api/content/mortgage_step2/he [32m200[0m 75.274 ms - 7571[0m
[0mGET /api/content/mortgage_step2/he [32m200[0m 74.723 ms - 7571[0m
[0mGET /api/content/mortgage_step2/he [32m200[0m 84.159 ms - 7571[0m
[0mGET /api/content/mortgage_step2/he [32m200[0m 83.698 ms - 7571[0m
[0mGET /api/content/mortgage_step2/he [32m200[0m 74.713 ms - 7571[0m
[0mGET /api/content/mortgage_step2/he [32m200[0m 75.088 ms - 7571[0m
[0mGET /api/content/mortgage_step2/he [32m200[0m 76.177 ms - 7571[0m
[0mGET /api/content/mortgage_step2/he [32m200[0m 331.819 ms - 7571[0m
